<?xml version="1.0" encoding="UTF-8"?>
<robot generator="Robot 4.1.2 (Python 3.10.0 on win32)" generated="20211217 21:00:08.016" rpa="false" schemaversion="2">
<suite id="s1" name="TC shop" source="C:\Users\JEET BISWAS\PycharmProjects\ConfigureAutomation\Page_object_Factory\Test_Cases\TC_shop.robot">
<test id="s1-t1" name="TC 1: User searches for the relevant products and validates the product titles and price is displayed">
<kw name="User navigates to initiate the browser session" library="product_resource" type="SETUP">
<arg>Chrome</arg>
<kw name="User navigates to the homepage in the browser" library="GenericData">
<arg>${browser_name}</arg>
<arg>${url}</arg>
<kw name="Create Webdriver" library="SeleniumLibrary">
<arg>${browser_name}</arg>
<arg>executable_path=Page_object_Factory/Page_objects/${browser_name}_driver</arg>
<doc>Creates an instance of Selenium WebDriver.</doc>
<msg timestamp="20211217 21:00:08.225" level="INFO">Creating an instance of the Chrome WebDriver.</msg>
<status status="PASS" starttime="20211217 21:00:08.225" endtime="20211217 21:00:10.149"/>
</kw>
<kw name="Go To" library="SeleniumLibrary">
<arg>${url}</arg>
<doc>Navigates the current browser window to the provided ``url``.</doc>
<msg timestamp="20211217 21:00:10.150" level="INFO">Opening url 'https://rahulshettyacademy.com/angularpractice/shop'</msg>
<status status="PASS" starttime="20211217 21:00:10.150" endtime="20211217 21:00:12.297"/>
</kw>
<status status="PASS" starttime="20211217 21:00:08.224" endtime="20211217 21:00:12.298"/>
</kw>
<kw name="Maximize Browser Window" library="SeleniumLibrary">
<doc>Maximizes current browser window.</doc>
<status status="PASS" starttime="20211217 21:00:12.298" endtime="20211217 21:00:12.443"/>
</kw>
<kw name="Set Browser Implicit Wait" library="SeleniumLibrary">
<arg>10</arg>
<doc>Sets the implicit wait value used by Selenium.</doc>
<status status="PASS" starttime="20211217 21:00:12.444" endtime="20211217 21:00:12.447"/>
</kw>
<status status="PASS" starttime="20211217 21:00:08.224" endtime="20211217 21:00:12.447"/>
</kw>
<kw name="Given user validates the title of the page" library="GenericData">
<arg>${Test_expected_title}</arg>
<kw name="Title Should Be" library="SeleniumLibrary">
<arg>${expected_title}</arg>
<doc>Verifies that the current page title equals ``title``.</doc>
<msg timestamp="20211217 21:00:12.462" level="INFO">Page title is 'ProtoCommerce'.</msg>
<status status="PASS" starttime="20211217 21:00:12.449" endtime="20211217 21:00:12.462"/>
</kw>
<status status="PASS" starttime="20211217 21:00:12.448" endtime="20211217 21:00:12.462"/>
</kw>
<kw name="When User validates the list of all the products in the product list page as per the expectation" library="product_resource">
<arg>@{Expected_Products}</arg>
<kw name="Get WebElements" library="SeleniumLibrary">
<var>@{All_Products_elements}</var>
<arg>${Locator_All_product_title}</arg>
<doc>Returns a list of WebElement objects matching the ``locator``.</doc>
<msg timestamp="20211217 21:00:12.480" level="INFO">@{All_Products_elements} = [ &lt;selenium.webdriver.remote.webelement.WebElement (session="d79ab5e318a07a7ae896d589b2c79917", element="236aea91-b9d8-4cbd-9b83-0be30f799398")&gt; | &lt;selenium.webdriver.remote.webelement.WebElement (ses...</msg>
<status status="PASS" starttime="20211217 21:00:12.463" endtime="20211217 21:00:12.480"/>
</kw>
<for flavor="IN">
<var>${element}</var>
<value>@{All_Products_elements}</value>
<iter>
<var name="${element}">&lt;selenium.webdriver.remote.webelement.WebElement (session="d79ab5e318a07a7ae896d589b2c79917", element="236aea91-b9d8-4cbd-9b83-0be30f799398")&gt;</var>
<kw name="Get Text" library="SeleniumLibrary">
<var>${Product_name}</var>
<arg>${element}</arg>
<doc>Returns the text value of the element identified by ``locator``.</doc>
<msg timestamp="20211217 21:00:12.494" level="INFO">${Product_name} = iphone X</msg>
<status status="PASS" starttime="20211217 21:00:12.480" endtime="20211217 21:00:12.494"/>
</kw>
<kw name="List Should Contain Value" library="Collections">
<arg>${expectes_poduct_list_displayed}</arg>
<arg>${Product_name}</arg>
<doc>Fails if the ``value`` is not found from ``list``.</doc>
<status status="PASS" starttime="20211217 21:00:12.494" endtime="20211217 21:00:12.495"/>
</kw>
<status status="PASS" starttime="20211217 21:00:12.480" endtime="20211217 21:00:12.495"/>
</iter>
<iter>
<var name="${element}">&lt;selenium.webdriver.remote.webelement.WebElement (session="d79ab5e318a07a7ae896d589b2c79917", element="da0fa3f6-feb2-4f28-b148-5d5137db1b6c")&gt;</var>
<kw name="Get Text" library="SeleniumLibrary">
<var>${Product_name}</var>
<arg>${element}</arg>
<doc>Returns the text value of the element identified by ``locator``.</doc>
<msg timestamp="20211217 21:00:12.507" level="INFO">${Product_name} = Samsung Note 8</msg>
<status status="PASS" starttime="20211217 21:00:12.495" endtime="20211217 21:00:12.507"/>
</kw>
<kw name="List Should Contain Value" library="Collections">
<arg>${expectes_poduct_list_displayed}</arg>
<arg>${Product_name}</arg>
<doc>Fails if the ``value`` is not found from ``list``.</doc>
<status status="PASS" starttime="20211217 21:00:12.507" endtime="20211217 21:00:12.508"/>
</kw>
<status status="PASS" starttime="20211217 21:00:12.495" endtime="20211217 21:00:12.508"/>
</iter>
<iter>
<var name="${element}">&lt;selenium.webdriver.remote.webelement.WebElement (session="d79ab5e318a07a7ae896d589b2c79917", element="e3cd0c4d-12fa-4be5-8e02-e35fbe60a4cc")&gt;</var>
<kw name="Get Text" library="SeleniumLibrary">
<var>${Product_name}</var>
<arg>${element}</arg>
<doc>Returns the text value of the element identified by ``locator``.</doc>
<msg timestamp="20211217 21:00:12.519" level="INFO">${Product_name} = Nokia Edge</msg>
<status status="PASS" starttime="20211217 21:00:12.509" endtime="20211217 21:00:12.519"/>
</kw>
<kw name="List Should Contain Value" library="Collections">
<arg>${expectes_poduct_list_displayed}</arg>
<arg>${Product_name}</arg>
<doc>Fails if the ``value`` is not found from ``list``.</doc>
<status status="PASS" starttime="20211217 21:00:12.520" endtime="20211217 21:00:12.520"/>
</kw>
<status status="PASS" starttime="20211217 21:00:12.509" endtime="20211217 21:00:12.520"/>
</iter>
<iter>
<var name="${element}">&lt;selenium.webdriver.remote.webelement.WebElement (session="d79ab5e318a07a7ae896d589b2c79917", element="7e200f6a-1c7d-4903-9f40-28ff37ebabda")&gt;</var>
<kw name="Get Text" library="SeleniumLibrary">
<var>${Product_name}</var>
<arg>${element}</arg>
<doc>Returns the text value of the element identified by ``locator``.</doc>
<msg timestamp="20211217 21:00:12.530" level="INFO">${Product_name} = Blackberry</msg>
<status status="PASS" starttime="20211217 21:00:12.520" endtime="20211217 21:00:12.530"/>
</kw>
<kw name="List Should Contain Value" library="Collections">
<arg>${expectes_poduct_list_displayed}</arg>
<arg>${Product_name}</arg>
<doc>Fails if the ``value`` is not found from ``list``.</doc>
<status status="PASS" starttime="20211217 21:00:12.530" endtime="20211217 21:00:12.531"/>
</kw>
<status status="PASS" starttime="20211217 21:00:12.520" endtime="20211217 21:00:12.531"/>
</iter>
<status status="PASS" starttime="20211217 21:00:12.480" endtime="20211217 21:00:12.531"/>
</for>
<status status="PASS" starttime="20211217 21:00:12.462" endtime="20211217 21:00:12.531"/>
</kw>
<kw name="Then User validates the price is displayed for all the products" library="product_resource">
<kw name="Get WebElements" library="SeleniumLibrary">
<var>@{All_Products_prices}</var>
<arg>${Locator_price}</arg>
<doc>Returns a list of WebElement objects matching the ``locator``.</doc>
<msg timestamp="20211217 21:00:12.541" level="INFO">@{All_Products_prices} = [ &lt;selenium.webdriver.remote.webelement.WebElement (session="d79ab5e318a07a7ae896d589b2c79917", element="da523d37-0485-457d-8b1d-c0dfbee6540f")&gt; | &lt;selenium.webdriver.remote.webelement.WebElement (ses...</msg>
<status status="PASS" starttime="20211217 21:00:12.532" endtime="20211217 21:00:12.541"/>
</kw>
<for flavor="IN">
<var>${element}</var>
<value>@{All_Products_prices}</value>
<iter>
<var name="${element}">&lt;selenium.webdriver.remote.webelement.WebElement (session="d79ab5e318a07a7ae896d589b2c79917", element="da523d37-0485-457d-8b1d-c0dfbee6540f")&gt;</var>
<kw name="Element Should Be Visible" library="SeleniumLibrary">
<arg>${element}</arg>
<doc>Verifies that the element identified by ``locator`` is visible.</doc>
<msg timestamp="20211217 21:00:12.552" level="INFO">Element '&lt;selenium.webdriver.remote.webelement.WebElement (session="d79ab5e318a07a7ae896d589b2c79917", element="da523d37-0485-457d-8b1d-c0dfbee6540f")&gt;' is displayed.</msg>
<status status="PASS" starttime="20211217 21:00:12.542" endtime="20211217 21:00:12.552"/>
</kw>
<kw name="Get Text" library="SeleniumLibrary">
<var>${Price_value}</var>
<arg>${element}</arg>
<doc>Returns the text value of the element identified by ``locator``.</doc>
<msg timestamp="20211217 21:00:12.562" level="INFO">${Price_value} = $24.99</msg>
<status status="PASS" starttime="20211217 21:00:12.552" endtime="20211217 21:00:12.562"/>
</kw>
<kw name="Log To Console" library="BuiltIn">
<arg>${Price_value}</arg>
<doc>Logs the given message to the console.</doc>
<status status="PASS" starttime="20211217 21:00:12.562" endtime="20211217 21:00:12.562"/>
</kw>
<kw name="Element Should Contain" library="SeleniumLibrary">
<arg>${element}</arg>
<arg>$</arg>
<doc>Verifies that element ``locator`` contains text ``expected``.</doc>
<msg timestamp="20211217 21:00:12.569" level="INFO">Element '&lt;selenium.webdriver.remote.webelement.WebElement (session="d79ab5e318a07a7ae896d589b2c79917", element="da523d37-0485-457d-8b1d-c0dfbee6540f")&gt;' contains text '$'.</msg>
<status status="PASS" starttime="20211217 21:00:12.563" endtime="20211217 21:00:12.569"/>
</kw>
<status status="PASS" starttime="20211217 21:00:12.541" endtime="20211217 21:00:12.570"/>
</iter>
<iter>
<var name="${element}">&lt;selenium.webdriver.remote.webelement.WebElement (session="d79ab5e318a07a7ae896d589b2c79917", element="6e725db9-da53-430e-bce7-c96fe7141309")&gt;</var>
<kw name="Element Should Be Visible" library="SeleniumLibrary">
<arg>${element}</arg>
<doc>Verifies that the element identified by ``locator`` is visible.</doc>
<msg timestamp="20211217 21:00:12.582" level="INFO">Element '&lt;selenium.webdriver.remote.webelement.WebElement (session="d79ab5e318a07a7ae896d589b2c79917", element="6e725db9-da53-430e-bce7-c96fe7141309")&gt;' is displayed.</msg>
<status status="PASS" starttime="20211217 21:00:12.570" endtime="20211217 21:00:12.582"/>
</kw>
<kw name="Get Text" library="SeleniumLibrary">
<var>${Price_value}</var>
<arg>${element}</arg>
<doc>Returns the text value of the element identified by ``locator``.</doc>
<msg timestamp="20211217 21:00:12.595" level="INFO">${Price_value} = $24.99</msg>
<status status="PASS" starttime="20211217 21:00:12.582" endtime="20211217 21:00:12.595"/>
</kw>
<kw name="Log To Console" library="BuiltIn">
<arg>${Price_value}</arg>
<doc>Logs the given message to the console.</doc>
<status status="PASS" starttime="20211217 21:00:12.595" endtime="20211217 21:00:12.596"/>
</kw>
<kw name="Element Should Contain" library="SeleniumLibrary">
<arg>${element}</arg>
<arg>$</arg>
<doc>Verifies that element ``locator`` contains text ``expected``.</doc>
<msg timestamp="20211217 21:00:12.601" level="INFO">Element '&lt;selenium.webdriver.remote.webelement.WebElement (session="d79ab5e318a07a7ae896d589b2c79917", element="6e725db9-da53-430e-bce7-c96fe7141309")&gt;' contains text '$'.</msg>
<status status="PASS" starttime="20211217 21:00:12.596" endtime="20211217 21:00:12.602"/>
</kw>
<status status="PASS" starttime="20211217 21:00:12.570" endtime="20211217 21:00:12.602"/>
</iter>
<iter>
<var name="${element}">&lt;selenium.webdriver.remote.webelement.WebElement (session="d79ab5e318a07a7ae896d589b2c79917", element="ea471bc7-cbed-4280-bf28-9d375307e525")&gt;</var>
<kw name="Element Should Be Visible" library="SeleniumLibrary">
<arg>${element}</arg>
<doc>Verifies that the element identified by ``locator`` is visible.</doc>
<msg timestamp="20211217 21:00:12.612" level="INFO">Element '&lt;selenium.webdriver.remote.webelement.WebElement (session="d79ab5e318a07a7ae896d589b2c79917", element="ea471bc7-cbed-4280-bf28-9d375307e525")&gt;' is displayed.</msg>
<status status="PASS" starttime="20211217 21:00:12.602" endtime="20211217 21:00:12.612"/>
</kw>
<kw name="Get Text" library="SeleniumLibrary">
<var>${Price_value}</var>
<arg>${element}</arg>
<doc>Returns the text value of the element identified by ``locator``.</doc>
<msg timestamp="20211217 21:00:12.630" level="INFO">${Price_value} = $24.99</msg>
<status status="PASS" starttime="20211217 21:00:12.613" endtime="20211217 21:00:12.630"/>
</kw>
<kw name="Log To Console" library="BuiltIn">
<arg>${Price_value}</arg>
<doc>Logs the given message to the console.</doc>
<status status="PASS" starttime="20211217 21:00:12.630" endtime="20211217 21:00:12.632"/>
</kw>
<kw name="Element Should Contain" library="SeleniumLibrary">
<arg>${element}</arg>
<arg>$</arg>
<doc>Verifies that element ``locator`` contains text ``expected``.</doc>
<msg timestamp="20211217 21:00:12.639" level="INFO">Element '&lt;selenium.webdriver.remote.webelement.WebElement (session="d79ab5e318a07a7ae896d589b2c79917", element="ea471bc7-cbed-4280-bf28-9d375307e525")&gt;' contains text '$'.</msg>
<status status="PASS" starttime="20211217 21:00:12.632" endtime="20211217 21:00:12.639"/>
</kw>
<status status="PASS" starttime="20211217 21:00:12.602" endtime="20211217 21:00:12.639"/>
</iter>
<iter>
<var name="${element}">&lt;selenium.webdriver.remote.webelement.WebElement (session="d79ab5e318a07a7ae896d589b2c79917", element="03ee458e-3369-4175-b318-6d0b4f62f6fd")&gt;</var>
<kw name="Element Should Be Visible" library="SeleniumLibrary">
<arg>${element}</arg>
<doc>Verifies that the element identified by ``locator`` is visible.</doc>
<msg timestamp="20211217 21:00:12.651" level="INFO">Element '&lt;selenium.webdriver.remote.webelement.WebElement (session="d79ab5e318a07a7ae896d589b2c79917", element="03ee458e-3369-4175-b318-6d0b4f62f6fd")&gt;' is displayed.</msg>
<status status="PASS" starttime="20211217 21:00:12.640" endtime="20211217 21:00:12.651"/>
</kw>
<kw name="Get Text" library="SeleniumLibrary">
<var>${Price_value}</var>
<arg>${element}</arg>
<doc>Returns the text value of the element identified by ``locator``.</doc>
<msg timestamp="20211217 21:00:12.663" level="INFO">${Price_value} = $24.99</msg>
<status status="PASS" starttime="20211217 21:00:12.651" endtime="20211217 21:00:12.663"/>
</kw>
<kw name="Log To Console" library="BuiltIn">
<arg>${Price_value}</arg>
<doc>Logs the given message to the console.</doc>
<status status="PASS" starttime="20211217 21:00:12.664" endtime="20211217 21:00:12.664"/>
</kw>
<kw name="Element Should Contain" library="SeleniumLibrary">
<arg>${element}</arg>
<arg>$</arg>
<doc>Verifies that element ``locator`` contains text ``expected``.</doc>
<msg timestamp="20211217 21:00:12.674" level="INFO">Element '&lt;selenium.webdriver.remote.webelement.WebElement (session="d79ab5e318a07a7ae896d589b2c79917", element="03ee458e-3369-4175-b318-6d0b4f62f6fd")&gt;' contains text '$'.</msg>
<status status="PASS" starttime="20211217 21:00:12.664" endtime="20211217 21:00:12.675"/>
</kw>
<status status="PASS" starttime="20211217 21:00:12.639" endtime="20211217 21:00:12.675"/>
</iter>
<status status="PASS" starttime="20211217 21:00:12.541" endtime="20211217 21:00:12.675"/>
</for>
<status status="PASS" starttime="20211217 21:00:12.531" endtime="20211217 21:00:12.675"/>
</kw>
<kw name="CLose Browwer Session" library="GenericData" type="TEARDOWN">
<kw name="Close Browser" library="SeleniumLibrary">
<doc>Closes the current browser.</doc>
<status status="PASS" starttime="20211217 21:00:12.676" endtime="20211217 21:00:14.873"/>
</kw>
<status status="PASS" starttime="20211217 21:00:12.675" endtime="20211217 21:00:14.874"/>
</kw>
<status status="PASS" starttime="20211217 21:00:08.223" endtime="20211217 21:00:14.874"/>
</test>
<status status="PASS" starttime="20211217 21:00:08.024" endtime="20211217 21:00:14.875"/>
</suite>
<statistics>
<total>
<stat pass="1" fail="0" skip="0">All Tests</stat>
</total>
<tag>
</tag>
<suite>
<stat pass="1" fail="0" skip="0" id="s1" name="TC shop">TC shop</stat>
</suite>
</statistics>
<errors>
</errors>
</robot>
